[debug] [2023-04-02T09:41:54.105Z] ----------------------------------------------------------------------
[debug] [2023-04-02T09:41:54.109Z] Command:       C:\Program Files\nodejs\node.exe C:\Users\hp\AppData\Roaming\npm\node_modules\firebase-tools\lib\bin\firebase.js init
[debug] [2023-04-02T09:41:54.110Z] CLI Version:   11.19.0
[debug] [2023-04-02T09:41:54.110Z] Platform:      win32
[debug] [2023-04-02T09:41:54.110Z] Node Version:  v16.13.1
[debug] [2023-04-02T09:41:54.117Z] Time:          Sun Apr 02 2023 15:41:54 GMT+0600 (Bangladesh Standard Time)
[debug] [2023-04-02T09:41:54.117Z] ----------------------------------------------------------------------
[debug] 
[debug] [2023-04-02T09:41:54.122Z] >>> [apiv2][query] GET https://firebase-public.firebaseio.com/cli.json [none]
[debug] [2023-04-02T09:41:54.154Z] > command requires scopes: ["email","openid","https://www.googleapis.com/auth/cloudplatformprojects.readonly","https://www.googleapis.com/auth/firebase","https://www.googleapis.com/auth/cloud-platform"]
[debug] [2023-04-02T09:41:54.156Z] > authorizing via signed-in user (jahidhasan234031@gmail.com)
[info] 
     ######## #### ########  ######## ########     ###     ######  ########
     ##        ##  ##     ## ##       ##     ##  ##   ##  ##       ##
     ######    ##  ########  ######   ########  #########  ######  ######
     ##        ##  ##    ##  ##       ##     ## ##     ##       ## ##
     ##       #### ##     ## ######## ########  ##     ##  ######  ########

You're about to initialize a Firebase project in this directory:

  D:\Job Tasks\secquraise

[debug] [2023-04-02T09:41:55.184Z] <<< [apiv2][status] GET https://firebase-public.firebaseio.com/cli.json 200
[debug] [2023-04-02T09:41:55.185Z] <<< [apiv2][body] GET https://firebase-public.firebaseio.com/cli.json {"cloudBuildErrorAfter":1594252800000,"cloudBuildWarnAfter":1590019200000,"defaultNode10After":1594252800000,"minVersion":"3.0.5","node8DeploysDisabledAfter":1613390400000,"node8RuntimeDisabledAfter":1615809600000,"node8WarnAfter":1600128000000}
